# JRE version: OpenJDK Runtime Environment Microsoft-13877171 (21.0.11+10) (build 21.0.11+10-LTS)
# Java VM: OpenJDK 64-Bit Server VM Microsoft-13877171 (21.0.11+10-LTS, mixed mode, sharing, tiered, compressed oops, compressed class ptrs, g1 gc, windows-amd64)
GC Precious Log:
 CardTable entry size: 512
 Card Set container configuration: InlinePtr #cards 5 size 8 Array Of Cards #cards 12 size 40 Howl #buckets 4 coarsen threshold 1843 Howl Bitmap #cards 512 size 80 coarsen threshold 460 Card regions per heap region 1 cards per card region 2048
 CPUs: 16 total, 16 available
 Memory: 16068M
 Large Page Support: Disabled
 NUMA Support: Disabled
 Compressed Oops: Enabled (32-bit)
 Heap Region Size: 1M
 Heap Min Capacity: 256M
 Heap Initial Capacity: 256M
 Heap Max Capacity: 512M
 Pre-touch: Disabled
 Parallel Workers: 13
 Concurrent Workers: 3
 Concurrent Refinement Workers: 13
 Periodic GC: Disabled
Heap:
 garbage-first heap   total 273408K, used 159795K [0x00000000e0000000, 0x0000000100000000)
  region size 1024K, 51 young (52224K), 7 survivors (7168K)
 Metaspace       used 84524K, committed 86208K, reserved 458752K
  class space    used 11509K, committed 12352K, reserved 327680K
GC Heap History (20 events):
Event: 245.056 GC heap before
{Heap before GC invocations=15 (full 0):
 garbage-first heap   total 262144K, used 124666K [0x00000000e0000000, 0x0000000100000000)
  region size 1024K, 73 young (74752K), 9 survivors (9216K)
 Metaspace       used 62736K, committed 65024K, reserved 393216K
  class space    used 9108K, committed 10240K, reserved 327680K
}
Event: 245.059 GC heap after
{Heap after GC invocations=16 (full 0):
 garbage-first heap   total 262144K, used 60500K [0x00000000e0000000, 0x0000000100000000)
  region size 1024K, 8 young (8192K), 8 survivors (8192K)
 Metaspace       used 62736K, committed 65024K, reserved 393216K
  class space    used 9108K, committed 10240K, reserved 327680K
}
Event: 701.666 GC heap before
{Heap before GC invocations=17 (full 0):
 garbage-first heap   total 262144K, used 211028K [0x00000000e0000000, 0x0000000100000000)
  region size 1024K, 153 young (156672K), 8 survivors (8192K)
 Metaspace       used 63160K, committed 65472K, reserved 393216K
  class space    used 9135K, committed 10304K, reserved 327680K
}
Event: 701.669 GC heap after
{Heap after GC invocations=18 (full 0):
 garbage-first heap   total 262144K, used 60750K [0x00000000e0000000, 0x0000000100000000)
  region size 1024K, 8 young (8192K), 8 survivors (8192K)
 Metaspace       used 63160K, committed 65472K, reserved 393216K
  class space    used 9135K, committed 10304K, reserved 327680K
}
Event: 706.402 GC heap before
{Heap before GC invocations=18 (full 0):
 garbage-first heap   total 262144K, used 210254K [0x00000000e0000000, 0x0000000100000000)
  region size 1024K, 153 young (156672K), 8 survivors (8192K)
 Metaspace       used 74396K, committed 76864K, reserved 458752K
  class space    used 10442K, committed 11648K, reserved 327680K
}
Event: 706.413 GC heap after
{Heap after GC invocations=19 (full 0):
 garbage-first heap   total 262144K, used 78595K [0x00000000e0000000, 0x0000000100000000)
  region size 1024K, 20 young (20480K), 20 survivors (20480K)
 Metaspace       used 74396K, committed 76864K, reserved 458752K
  class space    used 10442K, committed 11648K, reserved 327680K
}
Event: 708.376 GC heap before
{Heap before GC invocations=19 (full 0):
 garbage-first heap   total 262144K, used 214787K [0x00000000e0000000, 0x0000000100000000)
  region size 1024K, 153 young (156672K), 20 survivors (20480K)
 Metaspace       used 75286K, committed 77760K, reserved 458752K
  class space    used 10518K, committed 11776K, reserved 327680K
}
Event: 708.396 GC heap after
{Heap after GC invocations=20 (full 0):
 garbage-first heap   total 262144K, used 85512K [0x00000000e0000000, 0x0000000100000000)
  region size 1024K, 6 young (6144K), 6 survivors (6144K)
 Metaspace       used 75286K, committed 77760K, reserved 458752K
  class space    used 10518K, committed 11776K, reserved 327680K
}
Event: 712.543 GC heap before
{Heap before GC invocations=21 (full 0):
 garbage-first heap   total 262144K, used 228872K [0x00000000e0000000, 0x0000000100000000)
  region size 1024K, 147 young (150528K), 6 survivors (6144K)
 Metaspace       used 75257K, committed 78016K, reserved 458752K
  class space    used 10150K, committed 11776K, reserved 327680K
}
Event: 712.556 GC heap after
{Heap after GC invocations=22 (full 0):
 garbage-first heap   total 262144K, used 99552K [0x00000000e0000000, 0x0000000100000000)
  region size 1024K, 19 young (19456K), 19 survivors (19456K)
 Metaspace       used 75257K, committed 78016K, reserved 458752K
  class space    used 10150K, committed 11776K, reserved 327680K
}
Event: 5341.962 GC heap before
{Heap before GC invocations=22 (full 0):
 garbage-first heap   total 262144K, used 224480K [0x00000000e0000000, 0x0000000100000000)
  region size 1024K, 142 young (145408K), 19 survivors (19456K)
 Metaspace       used 75629K, committed 78208K, reserved 458752K
  class space    used 10192K, committed 11776K, reserved 327680K
}
Event: 5341.972 GC heap after
{Heap after GC invocations=23 (full 0):
 garbage-first heap   total 262144K, used 100698K [0x00000000e0000000, 0x0000000100000000)
  region size 1024K, 7 young (7168K), 7 survivors (7168K)
 Metaspace       used 75629K, committed 78208K, reserved 458752K
  class space    used 10192K, committed 11776K, reserved 327680K
}
Event: 6204.553 GC heap before
{Heap before GC invocations=23 (full 0):
 garbage-first heap   total 262144K, used 227674K [0x00000000e0000000, 0x0000000100000000)
  region size 1024K, 132 young (135168K), 7 survivors (7168K)
 Metaspace       used 76649K, committed 78848K, reserved 458752K
  class space    used 10401K, committed 11776K, reserved 327680K
}
Event: 6204.560 GC heap after
{Heap after GC invocations=24 (full 0):
 garbage-first heap   total 262144K, used 111245K [0x00000000e0000000, 0x0000000100000000)
  region size 1024K, 17 young (17408K), 17 survivors (17408K)
 Metaspace       used 76649K, committed 78848K, reserved 458752K
  class space    used 10401K, committed 11776K, reserved 327680K
}
Event: 8429.013 GC heap before
{Heap before GC invocations=25 (full 0):
 garbage-first heap   total 262144K, used 232077K [0x00000000e0000000, 0x0000000100000000)
  region size 1024K, 133 young (136192K), 17 survivors (17408K)
 Metaspace       used 75054K, committed 77376K, reserved 458752K
  class space    used 10214K, committed 11520K, reserved 327680K
}
Event: 8429.069 GC heap after
{Heap after GC invocations=26 (full 0):
 garbage-first heap   total 262144K, used 107309K [0x00000000e0000000, 0x0000000100000000)
  region size 1024K, 4 young (4096K), 4 survivors (4096K)
 Metaspace       used 75054K, committed 77376K, reserved 458752K
  class space    used 10214K, committed 11520K, reserved 327680K
}
Event: 8441.604 GC heap before
{Heap before GC invocations=26 (full 0):
 garbage-first heap   total 262144K, used 251693K [0x00000000e0000000, 0x0000000100000000)
  region size 1024K, 128 young (131072K), 4 survivors (4096K)
 Metaspace       used 81188K, committed 82816K, reserved 458752K
  class space    used 11131K, committed 11968K, reserved 327680K
}
Event: 8441.729 GC heap after
{Heap after GC invocations=27 (full 0):
 garbage-first heap   total 273408K, used 111624K [0x00000000e0000000, 0x0000000100000000)
  region size 1024K, 12 young (12288K), 12 survivors (12288K)
 Metaspace       used 81188K, committed 82816K, reserved 458752K
  class space    used 11131K, committed 11968K, reserved 327680K
}
Event: 8448.094 GC heap before
{Heap before GC invocations=27 (full 0):
 garbage-first heap   total 273408K, used 242696K [0x00000000e0000000, 0x0000000100000000)
  region size 1024K, 141 young (144384K), 12 survivors (12288K)
 Metaspace       used 84486K, committed 86208K, reserved 458752K
  class space    used 11509K, committed 12352K, reserved 327680K
}
Event: 8448.147 GC heap after
{Heap after GC invocations=28 (full 0):
 garbage-first heap   total 273408K, used 115763K [0x00000000e0000000, 0x0000000100000000)
  region size 1024K, 7 young (7168K), 7 survivors (7168K)
 Metaspace       used 84486K, committed 86208K, reserved 458752K
  class space    used 11509K, committed 12352K, reserved 327680K
}

